<?xml version="1.0" encoding="UTF-8"?>
<!-- Generated by org.testng.reporters.JUnitXMLReporter -->
<testsuite hostname="LAPTOP-PE7R4S6N" ignored="0" name="Default test" tests="3" failures="0" timestamp="10 Nov 2017 16:54:19 GMT" time="15.814" errors="0">
  <testcase name="Test1" time="6.256" classname="Prometheus.assignment.Wekpedia"/>
  <testcase name="Test2" time="6.005" classname="Prometheus.assignment.Wekpedia"/>
  <testcase name="Test3" time="3.535" classname="Prometheus.assignment.Wekpedia"/>
</testsuite> <!-- Default test -->
